Error: Can't resolve 'tailwindcss' in 'C:\Users\naval\Downloads'
    [2m[at finishWithoutResolve (C:\Users\naval\Downloads\MVP built\node_modules\enhanced-resolve\lib\Resolver.js:587:18)][0m
    [2m[at C:\Users\naval\Downloads\MVP built\node_modules\enhanced-resolve\lib\Resolver.js:679:14][0m
    [2m[at C:\Users\naval\Downloads\MVP built\node_modules\enhanced-resolve\lib\Resolver.js:740:5][0m
    [2m[at eval (eval at create (C:\Users\naval\Downloads\MVP built\node_modules\tapable\lib\HookCodeFactory.js:31:10), <anonymous>:15:1)][0m
    [2m[at C:\Users\naval\Downloads\MVP built\node_modules\enhanced-resolve\lib\Resolver.js:740:5][0m
    [2m[at eval (eval at create (C:\Users\naval\Downloads\MVP built\node_modules\tapable\lib\HookCodeFactory.js:31:10), <anonymous>:16:1)][0m
    [2m[at C:\Users\naval\Downloads\MVP built\node_modules\enhanced-resolve\lib\Resolver.js:740:5][0m
    [2m[at eval (eval at create (C:\Users\naval\Downloads\MVP built\node_modules\tapable\lib\HookCodeFactory.js:31:10), <anonymous>:15:1)][0m
    [2m[at C:\Users\naval\Downloads\MVP built\node_modules\enhanced-resolve\lib\Resolver.js:740:5][0m
    [2m[at eval (eval at create (C:\Users\naval\Downloads\MVP built\node_modules\tapable\lib\HookCodeFactory.js:31:10), <anonymous>:15:1)][0m {
  details: "resolve 'tailwindcss' in 'C:\\Users\\naval\\Downloads'\n" +
    '  Parsed request is a module\n' +
    '  No description file found in C:\\Users\\naval\\Downloads or above\n' +
    '  resolve as module\n' +
    "    C:\\Users\\naval\\Downloads\\node_modules doesn't exist or is not a directory\n" +
    "    C:\\Users\\naval\\node_modules doesn't exist or is not a directory\n" +
    "    C:\\Users\\node_modules doesn't exist or is not a directory\n" +
    "    C:\\node_modules doesn't exist or is not a directory"
}
Error: Can't resolve 'tailwindcss' in 'C:\Users\naval\Downloads'
    [2m[at finishWithoutResolve (C:\Users\naval\Downloads\MVP built\node_modules\enhanced-resolve\lib\Resolver.js:587:18)][0m
    [2m[at C:\Users\naval\Downloads\MVP built\node_modules\enhanced-resolve\lib\Resolver.js:679:14][0m
    [2m[at C:\Users\naval\Downloads\MVP built\node_modules\enhanced-resolve\lib\Resolver.js:740:5][0m
    [2m[at eval (eval at create (C:\Users\naval\Downloads\MVP built\node_modules\tapable\lib\HookCodeFactory.js:31:10), <anonymous>:15:1)][0m
    [2m[at C:\Users\naval\Downloads\MVP built\node_modules\enhanced-resolve\lib\Resolver.js:740:5][0m
    [2m[at eval (eval at create (C:\Users\naval\Downloads\MVP built\node_modules\tapable\lib\HookCodeFactory.js:31:10), <anonymous>:16:1)][0m
    [2m[at C:\Users\naval\Downloads\MVP built\node_modules\enhanced-resolve\lib\Resolver.js:740:5][0m
    [2m[at eval (eval at create (C:\Users\naval\Downloads\MVP built\node_modules\tapable\lib\HookCodeFactory.js:31:10), <anonymous>:15:1)][0m
    [2m[at C:\Users\naval\Downloads\MVP built\node_modules\enhanced-resolve\lib\Resolver.js:740:5][0m
    [2m[at eval (eval at create (C:\Users\naval\Downloads\MVP built\node_modules\tapable\lib\HookCodeFactory.js:31:10), <anonymous>:15:1)][0m {
  details: "resolve 'tailwindcss' in 'C:\\Users\\naval\\Downloads'\n" +
    '  Parsed request is a module\n' +
    '  No description file found in C:\\Users\\naval\\Downloads or above\n' +
    '  resolve as module\n' +
    "    C:\\Users\\naval\\Downloads\\node_modules doesn't exist or is not a directory\n" +
    "    C:\\Users\\naval\\node_modules doesn't exist or is not a directory\n" +
    "    C:\\Users\\node_modules doesn't exist or is not a directory\n" +
    "    C:\\node_modules doesn't exist or is not a directory"
}
Error: Can't resolve 'tailwindcss' in 'C:\Users\naval\Downloads'
    [2m[at finishWithoutResolve (C:\Users\naval\Downloads\MVP built\node_modules\enhanced-resolve\lib\Resolver.js:587:18)][0m
    [2m[at C:\Users\naval\Downloads\MVP built\node_modules\enhanced-resolve\lib\Resolver.js:679:14][0m
    [2m[at C:\Users\naval\Downloads\MVP built\node_modules\enhanced-resolve\lib\Resolver.js:740:5][0m
    [2m[at eval (eval at create (C:\Users\naval\Downloads\MVP built\node_modules\tapable\lib\HookCodeFactory.js:31:10), <anonymous>:15:1)][0m
    [2m[at C:\Users\naval\Downloads\MVP built\node_modules\enhanced-resolve\lib\Resolver.js:740:5][0m
    [2m[at eval (eval at create (C:\Users\naval\Downloads\MVP built\node_modules\tapable\lib\HookCodeFactory.js:31:10), <anonymous>:16:1)][0m
    [2m[at C:\Users\naval\Downloads\MVP built\node_modules\enhanced-resolve\lib\Resolver.js:740:5][0m
    [2m[at eval (eval at create (C:\Users\naval\Downloads\MVP built\node_modules\tapable\lib\HookCodeFactory.js:31:10), <anonymous>:15:1)][0m
    [2m[at C:\Users\naval\Downloads\MVP built\node_modules\enhanced-resolve\lib\Resolver.js:740:5][0m
    [2m[at eval (eval at create (C:\Users\naval\Downloads\MVP built\node_modules\tapable\lib\HookCodeFactory.js:31:10), <anonymous>:15:1)][0m {
  details: "resolve 'tailwindcss' in 'C:\\Users\\naval\\Downloads'\n" +
    '  Parsed request is a module\n' +
    '  No description file found in C:\\Users\\naval\\Downloads or above\n' +
    '  resolve as module\n' +
    "    C:\\Users\\naval\\Downloads\\node_modules doesn't exist or is not a directory\n" +
    "    C:\\Users\\naval\\node_modules doesn't exist or is not a directory\n" +
    "    C:\\Users\\node_modules doesn't exist or is not a directory\n" +
    "    C:\\node_modules doesn't exist or is not a directory"
}
Error: Can't resolve 'tailwindcss' in 'C:\Users\naval\Downloads'
    [2m[at finishWithoutResolve (C:\Users\naval\Downloads\MVP built\node_modules\enhanced-resolve\lib\Resolver.js:587:18)][0m
    [2m[at C:\Users\naval\Downloads\MVP built\node_modules\enhanced-resolve\lib\Resolver.js:679:14][0m
    [2m[at C:\Users\naval\Downloads\MVP built\node_modules\enhanced-resolve\lib\Resolver.js:740:5][0m
    [2m[at eval (eval at create (C:\Users\naval\Downloads\MVP built\node_modules\tapable\lib\HookCodeFactory.js:31:10), <anonymous>:15:1)][0m
    [2m[at C:\Users\naval\Downloads\MVP built\node_modules\enhanced-resolve\lib\Resolver.js:740:5][0m
    [2m[at eval (eval at create (C:\Users\naval\Downloads\MVP built\node_modules\tapable\lib\HookCodeFactory.js:31:10), <anonymous>:16:1)][0m
    [2m[at C:\Users\naval\Downloads\MVP built\node_modules\enhanced-resolve\lib\Resolver.js:740:5][0m
    [2m[at eval (eval at create (C:\Users\naval\Downloads\MVP built\node_modules\tapable\lib\HookCodeFactory.js:31:10), <anonymous>:15:1)][0m
    [2m[at C:\Users\naval\Downloads\MVP built\node_modules\enhanced-resolve\lib\Resolver.js:740:5][0m
    [2m[at eval (eval at create (C:\Users\naval\Downloads\MVP built\node_modules\tapable\lib\HookCodeFactory.js:31:10), <anonymous>:15:1)][0m {
  details: "resolve 'tailwindcss' in 'C:\\Users\\naval\\Downloads'\n" +
    '  Parsed request is a module\n' +
    '  No description file found in C:\\Users\\naval\\Downloads or above\n' +
    '  resolve as module\n' +
    "    C:\\Users\\naval\\Downloads\\node_modules doesn't exist or is not a directory\n" +
    "    C:\\Users\\naval\\node_modules doesn't exist or is not a directory\n" +
    "    C:\\Users\\node_modules doesn't exist or is not a directory\n" +
    "    C:\\node_modules doesn't exist or is not a directory"
}


#
# Fatal process out of memory: Re-embedded builtins: set permissions
#
----- Native stack trace -----

 1: 00007FF63A1ED52D 
 2: 00007FF63B63C206 
 3: 00007FF63AEDDA56 
 4: 00007FF63AD44B3E 
 5: 00007FF63AD7804F 
 6: 00007FF63AD78B02 
 7: 00007FF63AD794E2 
 8: 00007FF63A876C33 

 9: 00007FF63AF08C36 

10: 00007FF63A3A366D 
#
11: 00007FF63A103DA4 
# Fatal error in , line 0
Compaction failed: Failed to compact database

Caused by:
    0: Failed to merge database files for family 2
    1: Unable to open static sorted file 00001973.sst
    2: Failed to mmap SST file C:\Users\naval\Downloads\MVP built\.next\dev\cache/turbopack\3e37bb42\00001973.sst (239079652 bytes)
    3: The paging file is too small for this operation to complete. (os error 1455)
12: 00007FF63A103139 
# Out of memory: HashMap::Initialize
#
13: 00007FF63A10D020 

14: 00007FF63AF32DE6 
#
<--- Last few GCs --->
15: 00007FF63C174173 
#

16: 00007FF9901DE8D7 BaseThreadInitThunk+23
#FailureMessage Object: 00000002069FC490
FATAL ERROR: Committing semi space failed. Allocation failed - JavaScript heap out of memory
17: 00007FF9917EC48C RtlUserThreadStart+44
----- Native stack trace -----
----- Native stack trace -----


 1: 00007FF63A2997FF node::OnFatalError+1343
 1: 00007FF63A1ED52D node::MultiIsolatePlatform::DisposeIsolate+5341
 2: 00007FF63AEDDA77 v8::Function::NewInstance+423
 2: 00007FF63B63C79F V8_Fatal+287
 3: 00007FF63ACDE327 v8::base::AddressSpaceReservation::AddressSpaceReservation+322071
 3: 00007FF63AEDBB16 X509_STORE_set_get_issuer+766854
 4: 00007FF63AC76D4B v8::Platform::SystemClockTimeMillis+491051
 4: 00007FF63AEDB202 X509_STORE_set_get_issuer+764530
 5: 00007FF63AC4E79E v8::Platform::SystemClockTimeMillis+325758
 5: 00007FF63AEDB030 X509_STORE_set_get_issuer+764064
 6: 00007FF63ACE0DC2 v8::base::AddressSpaceReservation::AddressSpaceReservation+332978
 6: 00007FF63A96395F EC_KEY_METHOD_set_verify+79647
 7: 00007FF63ACDFD77 v8::base::AddressSpaceReservation::AddressSpaceReservation+328807
 7: 00007FF63A984586 EC_KEY_METHOD_set_verify+213830
 8: 00007FF63ACF0CE2 v8::internal::StrongRootAllocatorBase::deallocate_impl+15858
 8: 00007FF63A99AC7B EC_KEY_METHOD_set_verify+305723
 9: 00007FF63ACF080B v8::internal::StrongRootAllocatorBase::deallocate_impl+14619
 9: 00007FF63A999E4E EC_KEY_METHOD_set_verify+302094
10: 00007FF63C1589AD v8::base::UnsignedDivisionByConstant<unsigned __int64>+2791325
10: 00007FF63A999B09 EC_KEY_METHOD_set_verify+301257
11: 00007FF63ACDBDF0 v8::base::AddressSpaceReservation::AddressSpaceReservation+312544
11: 00007FF63A998EE1 EC_KEY_METHOD_set_verify+298145
12: 00007FF63ACF667A X509_STORE_set_cleanup+5098
12: 00007FF63A99AC7B EC_KEY_METHOD_set_verify+305723
13: 00007FF63AD02A96 uv_timer_set_repeat+20566
13: 00007FF63A999E4E EC_KEY_METHOD_set_verify+302094
14: 00007FF63A8D5BB7 v8::String::Utf8Value::~Utf8Value+143495
14: 00007FF63A9ABD22 EC_KEY_METHOD_set_verify+375522
15: 000001D91FE7733A 
15: 00007FF63A98B7F5 EC_KEY_METHOD_set_verify+243125
16: 00007FF63A9943FB EC_KEY_METHOD_set_verify+278971
17: 00007FF63A9938FA EC_KEY_METHOD_set_verify+276154
18: 00007FF63A986FF7 EC_KEY_METHOD_set_verify+224695
19: 00007FF63A9861C4 EC_KEY_METHOD_set_verify+221060
20: 00007FF63A9854B2 EC_KEY_METHOD_set_verify+217714
21: 00007FF63A98515A EC_KEY_METHOD_set_verify+216858
22: 00007FF63A980789 EC_KEY_METHOD_set_verify+197961
23: 00007FF63AE5B46F X509_STORE_set_get_issuer+240863
24: 00007FF63AE5E271 X509_STORE_set_get_issuer+252641
25: 00007FF63AEE6F33 v8::ScriptCompiler::CompileFunction+1011
26: 00007FF63A2C8DE0 node::GetCurrentEnvironment+97440
27: 00007FF63A2C9992 node::GetCurrentEnvironment+100434
28: 00007FF63A2CBA16 node::GetCurrentEnvironment+108758
29: 000001D61FDCF64D 

<--- Last few GCs --->

FATAL ERROR: Committing semi space failed. Allocation failed - JavaScript heap out of memory
----- Native stack trace -----


<--- Last few GCs --->
[22452:000002060D90E000]     4302 ms: Scavenge 5.9 (7.2) -> 5.2 (9.9) MB, pooled: 0 MB, 4142.46 / 0.00 ms  (average mu = 1.000, current mu = 1.000) allocation failure; 

FATAL ERROR: AlignedAlloc Allocation failed - process out of memory
----- Native stack trace -----

 1: 00007FF63A2997FF node::OnFatalError+1343
 2: 00007FF63AEDDA77 v8::Function::NewInstance+423
 3: 00007FF63ACDE327 v8::base::AddressSpaceReservation::AddressSpaceReservation+322071
 4: 00007FF63AC76D4B v8::Platform::SystemClockTimeMillis+491051
 5: 00007FF63AC4E79E v8::Platform::SystemClockTimeMillis+325758
 6: 00007FF63ACE0DC2 v8::base::AddressSpaceReservation::AddressSpaceReservation+332978
 7: 00007FF63ACDFD77 v8::base::AddressSpaceReservation::AddressSpaceReservation+328807
 8: 00007FF63ACF0CE2 v8::internal::StrongRootAllocatorBase::deallocate_impl+15858
 9: 00007FF63ACF080B v8::internal::StrongRootAllocatorBase::deallocate_impl+14619
10: 00007FF63C1589AD v8::base::UnsignedDivisionByConstant<unsigned __int64>+2791325
11: 00007FF63ACDBDF0 v8::base::AddressSpaceReservation::AddressSpaceReservation+312544
12: 00007FF63ACF667A X509_STORE_set_cleanup+5098
13: 00007FF63AD02A96 uv_timer_set_repeat+20566
14: 00007FF63A8D5BB7 v8::String::Utf8Value::~Utf8Value+143495
15: 00000120C7E7733A 
 1: 00007FF63A2997FF node::OnFatalError+1343
 2: 00007FF63AEDDA77 v8::Function::NewInstance+423
 3: 00007FF63A85B98E v8::internal::Version::GetSONAME+11038
 4: 00007FF63A9D5A2B v8::MemorySpan<v8::MaybeLocal<v8::Value> >::operator[]+82043
 5: 00007FF63A9D3A1C v8::MemorySpan<v8::MaybeLocal<v8::Value> >::operator[]+73836
 6: 00007FF63AD18F87 uv_timer_set_repeat+111943
 7: 00007FF63AED4071 X509_STORE_set_get_issuer+735457
 8: 00007FF63AED4D1B X509_STORE_set_get_issuer+738699
 9: 00007FF63A985A1E EC_KEY_METHOD_set_verify+219102
10: 00007FF63A98515A EC_KEY_METHOD_set_verify+216858
11: 00007FF63A980789 EC_KEY_METHOD_set_verify+197961
12: 00007FF63AE5B46F X509_STORE_set_get_issuer+240863
13: 00007FF63AE5E271 X509_STORE_set_get_issuer+252641
14: 00007FF63AEE6F33 v8::ScriptCompiler::CompileFunction+1011
15: 00007FF63A2C8DE0 node::GetCurrentEnvironment+97440
16: 00007FF63A2C9992 node::GetCurrentEnvironment+100434
17: 00007FF63A2CBA16 node::GetCurrentEnvironment+108758
18: 000002064580F64D 


#
# Fatal process out of memory: Re-embedded builtins: set permissions
#
----- Native stack trace -----

 1: 00007FF63A1ED52D node::MultiIsolatePlatform::DisposeIsolate+5341
 2: 00007FF63B63C206 v8::base::FatalOOM+54
 3: 00007FF63AEDDA56 v8::Function::NewInstance+390
 4: 00007FF63AD44B3E v8::CppHeap::CollectGarbageInYoungGenerationForTesting+111438
 5: 00007FF63AD7804F SSL_CTX_set_default_read_buffer_len+41247
 6: 00007FF63AD78B02 SSL_CTX_set_default_read_buffer_len+43986
 7: 00007FF63AD794E2 SSL_CTX_set_default_read_buffer_len+46514
 8: 00007FF63A876C33 v8::internal::Version::GetSONAME+122307
 9: 00007FF63AF08C36 v8::Isolate::Initialize+662
10: 00007FF63A3A366D node::SetIsolateUpForNode+749
11: 00007FF63A103DA4 RSA_meth_get_flags+212340
12: 00007FF63A103139 RSA_meth_get_flags+209161
13: 00007FF63A10D020 RSA_meth_get_flags+249840
14: 00007FF63AF32DE6 uv_thread_detach+150
15: 00007FF63C174173 v8::base::UnsignedDivisionByConstant<unsigned __int64>+2903907
16: 00007FF9901DE8D7 BaseThreadInitThunk+23
17: 00007FF9917EC48C RtlUserThreadStart+44


#
# Fatal process out of memory: Re-embedded builtins: set permissions
#
----- Native stack trace -----

 1: 00007FF63A1ED52D 
 2: 00007FF63B63C206 
 3: 00007FF63AEDDA56 
 4: 00007FF63AD44B3E 
 5: 00007FF63AD7804F 
 6: 00007FF63AD78B02 
 7: 00007FF63AD794E2 
 8: 00007FF63A876C33 
 9: 00007FF63AF08C36 
10: 00007FF63A3A366D 
11: 00007FF63A103DA4 
12: 00007FF63A103139 
13: 00007FF63A10D020 
14: 00007FF63AF32DE6 
15: 00007FF63C174173 
16: 00007FF9901DE8D7 
17: 00007FF9917EC48C 
Persisting failed: Another write batch or compaction is already active (Only a single write operations is allowed at a time)
Persisting failed: Another write batch or compaction is already active (Only a single write operations is allowed at a time)
Persisting failed: Another write batch or compaction is already active (Only a single write operations is allowed at a time)
Persisting failed: Another write batch or compaction is already active (Only a single write operations is allowed at a time)
Persisting failed: Another write batch or compaction is already active (Only a single write operations is allowed at a time)
Persisting failed: Another write batch or compaction is already active (Only a single write operations is allowed at a time)
Persisting failed: Another write batch or compaction is already active (Only a single write operations is allowed at a time)
Persisting failed: Another write batch or compaction is already active (Only a single write operations is allowed at a time)
Persisting failed: Another write batch or compaction is already active (Only a single write operations is allowed at a time)
Persisting failed: Another write batch or compaction is already active (Only a single write operations is allowed at a time)
Persisting failed: Another write batch or compaction is already active (Only a single write operations is allowed at a time)
Compaction failed: Another write batch or compaction is already active (Only a single write operations is allowed at a time)


#
# Fatal process out of memory: Re-embedded builtins: set permissions
#
----- Native stack trace -----

 1: 00007FF63A1ED52D 
 2: 00007FF63B63C206 
 3: 00007FF63AEDDA56 
 4: 00007FF63AD44B3E 
 5: 00007FF63AD7804F 
 6: 00007FF63AD78B02 
 7: 00007FF63AD794E2 
 8: 00007FF63A876C33 
 9: 00007FF63AF08C36 
10: 00007FF63A3A366D 
11: 00007FF63A103DA4 
12: 00007FF63A103139 
13: 00007FF63A10D020 
14: 00007FF63AF32DE6 
15: 00007FF63C174173 
16: 00007FF9901DE8D7 BaseThreadInitThunk+23
17: 00007FF9917EC48C RtlUserThreadStart+44
